<html>
<head>
<title>TestNG:  Surefire test</title>
<link href="../testng.css" rel="stylesheet" type="text/css" />
<link href="../my-testng.css" rel="stylesheet" type="text/css" />

<style type="text/css">
.log { display: none;} 
.stack-trace { display: none;} 
</style>
<script type="text/javascript">
<!--
function flip(e) {
  current = e.style.display;
  if (current == 'block') {
    e.style.display = 'none';
    return 0;
  }
  else {
    e.style.display = 'block';
    return 1;
  }
}

function toggleBox(szDivId, elem, msg1, msg2)
{
  var res = -1;  if (document.getElementById) {
    res = flip(document.getElementById(szDivId));
  }
  else if (document.all) {
    // this is the way old msie versions work
    res = flip(document.all[szDivId]);
  }
  if(elem) {
    if(res == 0) elem.innerHTML = msg1; else elem.innerHTML = msg2;
  }

}

function toggleAllBoxes() {
  if (document.getElementsByTagName) {
    d = document.getElementsByTagName('div');
    for (i = 0; i < d.length; i++) {
      if (d[i].className == 'log') {
        flip(d[i]);
      }
    }
  }
}

// -->
</script>

</head>
<body>
<h2 align='center'>Surefire test</h2><table border='1' align="center">
<tr>
<td>Tests passed/Failed/Skipped:</td><td>0/0/5</td>
</tr><tr>
<td>Started on:</td><td>Wed May 13 10:35:07 IST 2020</td>
</tr>
<tr><td>Total time:</td><td>0 seconds (8 ms)</td>
</tr><tr>
<td>Included groups:</td><td></td>
</tr><tr>
<td>Excluded groups:</td><td></td>
</tr>
</table><p/>
<small><i>(Hover the method name to see the test class name)</i></small><p/>
<table width='100%' border='1' class='invocation-failed'>
<tr><td colspan='4' align='center'><b>FAILED CONFIGURATIONS</b></td></tr>
<tr><td><b>Test method</b></td>
<td width="30%"><b>Exception</b></td>
<td width="10%"><b>Time (seconds)</b></td>
<td><b>Instance</b></td>
</tr>
<tr>
<td title='Assignment.com.practice.Assignment.launchBrowser()'><b>launchBrowser</b><br>Test class: Assignment.com.practice.Assignment</td>
<td><div><pre>org.openqa.selenium.SessionNotCreatedException: session not created: This version of ChromeDriver only supports Chrome version 83
Build info: version: &apos;3.141.59&apos;, revision: &apos;e82be7d358&apos;, time: &apos;2018-11-14T08:17:03&apos;
System info: host: &apos;Mireshs-MacBook-Pro.local&apos;, ip: &apos;fe80:0:0:0:14f1:6c9c:ec3b:e4ea%en0&apos;, os.name: &apos;Mac OS X&apos;, os.arch: &apos;x86_64&apos;, os.version: &apos;10.14.5&apos;, java.version: &apos;1.8.0_131&apos;
Driver info: driver.version: ChromeDriver
remote stacktrace: 0   chromedriver                        0x000000010b6a51b9 chromedriver + 4805049
1   chromedriver                        0x000000010b640453 chromedriver + 4392019
2   chromedriver                        0x000000010b2cc48d chromedriver + 771213
3   chromedriver                        0x000000010b229849 chromedriver + 104521
4   chromedriver                        0x000000010b225b00 chromedriver + 88832
5   chromedriver                        0x000000010b222e59 chromedriver + 77401
6   chromedriver                        0x000000010b255163 chromedriver + 282979
7   chromedriver                        0x000000010b251f63 chromedriver + 270179
8   chromedriver                        0x000000010b22ba9d chromedriver + 113309
9   chromedriver                        0x000000010b22ca35 chromedriver + 117301
10  chromedriver                        0x000000010b6682bf chromedriver + 4555455
11  chromedriver                        0x000000010b674a9a chromedriver + 4606618
12  chromedriver                        0x000000010b674829 chromedriver + 4605993
13  chromedriver                        0x000000010b64c159 chromedriver + 4440409
14  chromedriver                        0x000000010b675023 chromedriver + 4608035
15  chromedriver                        0x000000010b65dec3 chromedriver + 4513475
16  chromedriver                        0x000000010b68b774 chromedriver + 4700020
17  chromedriver                        0x000000010b6ab277 chromedriver + 4829815
18  libsystem_pthread.dylib             0x00007fff5de502eb _pthread_body + 126
19  libsystem_pthread.dylib             0x00007fff5de53249 _pthread_start + 66
20  libsystem_pthread.dylib             0x00007fff5de4f40d thread_start + 13

	at org.openqa.selenium.remote.W3CHandshakeResponse.lambda$errorHandler$0(W3CHandshakeResponse.java:62)
	at org.openqa.selenium.remote.HandshakeResponse.lambda$getResponseFunction$0(HandshakeResponse.java:30)
	at org.openqa.selenium.remote.ProtocolHandshake.lambda$createSession$0(ProtocolHandshake.java:126)
	at java.util.stream.ReferencePipeline$3$1.accept(ReferencePipeline.java:193)
	at java.util.Spliterators$ArraySpliterator.tryAdvance(Spliterators.java:958)
	at java.util.stream.ReferencePipeline.forEachWithCancel(ReferencePipeline.java:126)
	at java.util.stream.AbstractPipeline.copyIntoWithCancel(AbstractPipeline.java:498)
	at java.util.stream.AbstractPipeline.copyInto(AbstractPipeline.java:485)
	at java.util.stream.AbstractPipeline.wrapAndCopyInto(AbstractPipeline.java:471)
	at java.util.stream.FindOps$FindOp.evaluateSequential(FindOps.java:152)
	at java.util.stream.AbstractPipeline.evaluate(AbstractPipeline.java:234)
	at java.util.stream.ReferencePipeline.findFirst(ReferencePipeline.java:464)
	at org.openqa.selenium.remote.ProtocolHandshake.createSession(ProtocolHandshake.java:128)
	at org.openqa.selenium.remote.ProtocolHandshake.createSession(ProtocolHandshake.java:74)
	at org.openqa.selenium.remote.HttpCommandExecutor.execute(HttpCommandExecutor.java:136)
	at org.openqa.selenium.remote.service.DriverCommandExecutor.execute(DriverCommandExecutor.java:83)
	at org.openqa.selenium.remote.RemoteWebDriver.execute(RemoteWebDriver.java:552)
	at org.openqa.selenium.remote.RemoteWebDriver.startSession(RemoteWebDriver.java:213)
	at org.openqa.selenium.remote.RemoteWebDriver.&lt;init&gt;(RemoteWebDriver.java:131)
	at org.openqa.selenium.chrome.ChromeDriver.&lt;init&gt;(ChromeDriver.java:181)
	at org.openqa.selenium.chrome.ChromeDriver.&lt;init&gt;(ChromeDriver.java:168)
	at org.openqa.selenium.chrome.ChromeDriver.&lt;init&gt;(ChromeDriver.java:123)
	at Assignment.com.practice.ReuseableMethods.LaunchChromeBrowser(ReuseableMethods.java:15)
	at Assignment.com.practice.Assignment.launchBrowser(Assignment.java:20)
... Removed 26 stack frames</pre></div><a href='#' onClick='toggleBox("stack-trace1710265848", this, "Click to show all stack frames", "Click to hide stack frames")'>Click to show all stack frames</a>
<div class='stack-trace' id='stack-trace1710265848'><pre>org.openqa.selenium.SessionNotCreatedException: session not created: This version of ChromeDriver only supports Chrome version 83
Build info: version: &apos;3.141.59&apos;, revision: &apos;e82be7d358&apos;, time: &apos;2018-11-14T08:17:03&apos;
System info: host: &apos;Mireshs-MacBook-Pro.local&apos;, ip: &apos;fe80:0:0:0:14f1:6c9c:ec3b:e4ea%en0&apos;, os.name: &apos;Mac OS X&apos;, os.arch: &apos;x86_64&apos;, os.version: &apos;10.14.5&apos;, java.version: &apos;1.8.0_131&apos;
Driver info: driver.version: ChromeDriver
remote stacktrace: 0   chromedriver                        0x000000010b6a51b9 chromedriver + 4805049
1   chromedriver                        0x000000010b640453 chromedriver + 4392019
2   chromedriver                        0x000000010b2cc48d chromedriver + 771213
3   chromedriver                        0x000000010b229849 chromedriver + 104521
4   chromedriver                        0x000000010b225b00 chromedriver + 88832
5   chromedriver                        0x000000010b222e59 chromedriver + 77401
6   chromedriver                        0x000000010b255163 chromedriver + 282979
7   chromedriver                        0x000000010b251f63 chromedriver + 270179
8   chromedriver                        0x000000010b22ba9d chromedriver + 113309
9   chromedriver                        0x000000010b22ca35 chromedriver + 117301
10  chromedriver                        0x000000010b6682bf chromedriver + 4555455
11  chromedriver                        0x000000010b674a9a chromedriver + 4606618
12  chromedriver                        0x000000010b674829 chromedriver + 4605993
13  chromedriver                        0x000000010b64c159 chromedriver + 4440409
14  chromedriver                        0x000000010b675023 chromedriver + 4608035
15  chromedriver                        0x000000010b65dec3 chromedriver + 4513475
16  chromedriver                        0x000000010b68b774 chromedriver + 4700020
17  chromedriver                        0x000000010b6ab277 chromedriver + 4829815
18  libsystem_pthread.dylib             0x00007fff5de502eb _pthread_body + 126
19  libsystem_pthread.dylib             0x00007fff5de53249 _pthread_start + 66
20  libsystem_pthread.dylib             0x00007fff5de4f40d thread_start + 13

	at sun.reflect.NativeConstructorAccessorImpl.newInstance0(Native Method)
	at sun.reflect.NativeConstructorAccessorImpl.newInstance(NativeConstructorAccessorImpl.java:62)
	at sun.reflect.DelegatingConstructorAccessorImpl.newInstance(DelegatingConstructorAccessorImpl.java:45)
	at java.lang.reflect.Constructor.newInstance(Constructor.java:423)
	at org.openqa.selenium.remote.W3CHandshakeResponse.lambda$errorHandler$0(W3CHandshakeResponse.java:62)
	at org.openqa.selenium.remote.HandshakeResponse.lambda$getResponseFunction$0(HandshakeResponse.java:30)
	at org.openqa.selenium.remote.ProtocolHandshake.lambda$createSession$0(ProtocolHandshake.java:126)
	at java.util.stream.ReferencePipeline$3$1.accept(ReferencePipeline.java:193)
	at java.util.Spliterators$ArraySpliterator.tryAdvance(Spliterators.java:958)
	at java.util.stream.ReferencePipeline.forEachWithCancel(ReferencePipeline.java:126)
	at java.util.stream.AbstractPipeline.copyIntoWithCancel(AbstractPipeline.java:498)
	at java.util.stream.AbstractPipeline.copyInto(AbstractPipeline.java:485)
	at java.util.stream.AbstractPipeline.wrapAndCopyInto(AbstractPipeline.java:471)
	at java.util.stream.FindOps$FindOp.evaluateSequential(FindOps.java:152)
	at java.util.stream.AbstractPipeline.evaluate(AbstractPipeline.java:234)
	at java.util.stream.ReferencePipeline.findFirst(ReferencePipeline.java:464)
	at org.openqa.selenium.remote.ProtocolHandshake.createSession(ProtocolHandshake.java:128)
	at org.openqa.selenium.remote.ProtocolHandshake.createSession(ProtocolHandshake.java:74)
	at org.openqa.selenium.remote.HttpCommandExecutor.execute(HttpCommandExecutor.java:136)
	at org.openqa.selenium.remote.service.DriverCommandExecutor.execute(DriverCommandExecutor.java:83)
	at org.openqa.selenium.remote.RemoteWebDriver.execute(RemoteWebDriver.java:552)
	at org.openqa.selenium.remote.RemoteWebDriver.startSession(RemoteWebDriver.java:213)
	at org.openqa.selenium.remote.RemoteWebDriver.&lt;init&gt;(RemoteWebDriver.java:131)
	at org.openqa.selenium.chrome.ChromeDriver.&lt;init&gt;(ChromeDriver.java:181)
	at org.openqa.selenium.chrome.ChromeDriver.&lt;init&gt;(ChromeDriver.java:168)
	at org.openqa.selenium.chrome.ChromeDriver.&lt;init&gt;(ChromeDriver.java:123)
	at Assignment.com.practice.ReuseableMethods.LaunchChromeBrowser(ReuseableMethods.java:15)
	at Assignment.com.practice.Assignment.launchBrowser(Assignment.java:20)
	at sun.reflect.NativeMethodAccessorImpl.invoke0(Native Method)
	at sun.reflect.NativeMethodAccessorImpl.invoke(NativeMethodAccessorImpl.java:62)
	at sun.reflect.DelegatingMethodAccessorImpl.invoke(DelegatingMethodAccessorImpl.java:43)
	at java.lang.reflect.Method.invoke(Method.java:498)
	at org.testng.internal.MethodInvocationHelper.invokeMethod(MethodInvocationHelper.java:85)
	at org.testng.internal.Invoker.invokeConfigurationMethod(Invoker.java:510)
	at org.testng.internal.Invoker.invokeConfigurations(Invoker.java:211)
	at org.testng.internal.Invoker.invokeConfigurations(Invoker.java:138)
	at org.testng.SuiteRunner.privateRun(SuiteRunner.java:298)
	at org.testng.SuiteRunner.run(SuiteRunner.java:261)
	at org.testng.SuiteRunnerWorker.runSuite(SuiteRunnerWorker.java:52)
	at org.testng.SuiteRunnerWorker.run(SuiteRunnerWorker.java:86)
	at org.testng.TestNG.runSuitesSequentially(TestNG.java:1191)
	at org.testng.TestNG.runSuitesLocally(TestNG.java:1116)
	at org.testng.TestNG.run(TestNG.java:1024)
	at org.apache.maven.surefire.testng.TestNGExecutor.run(TestNGExecutor.java:115)
	at org.apache.maven.surefire.testng.TestNGDirectoryTestSuite.executeSingleClass(TestNGDirectoryTestSuite.java:129)
	at org.apache.maven.surefire.testng.TestNGDirectoryTestSuite.execute(TestNGDirectoryTestSuite.java:113)
	at org.apache.maven.surefire.testng.TestNGProvider.invoke(TestNGProvider.java:111)
	at org.apache.maven.surefire.booter.ForkedBooter.invokeProviderInSameClassLoader(ForkedBooter.java:203)
	at org.apache.maven.surefire.booter.ForkedBooter.runSuitesInProcess(ForkedBooter.java:155)
	at org.apache.maven.surefire.booter.ForkedBooter.main(ForkedBooter.java:103)
</pre></div></td>
<td>0</td>
<td>null</td></tr>
</table><p>
<table width='100%' border='1' class='invocation-skipped'>
<tr><td colspan='4' align='center'><b>SKIPPED CONFIGURATIONS</b></td></tr>
<tr><td><b>Test method</b></td>
<td width="30%"><b>Exception</b></td>
<td width="10%"><b>Time (seconds)</b></td>
<td><b>Instance</b></td>
</tr>
<tr>
<td title='Assignment.com.practice.Assignment.tearDown()'><b>tearDown</b><br>Test class: Assignment.com.practice.Assignment</td>
<td></td>
<td>0</td>
<td>Assignment.com.practice.Assignment@5a39699c</td></tr>
<tr>
<td title='Assignment.com.practice.Assignment.tearDown()'><b>tearDown</b><br>Test class: Assignment.com.practice.Assignment</td>
<td></td>
<td>0</td>
<td>Assignment.com.practice.Assignment@5a39699c</td></tr>
<tr>
<td title='Assignment.com.practice.Assignment.tearDown()'><b>tearDown</b><br>Test class: Assignment.com.practice.Assignment</td>
<td></td>
<td>0</td>
<td>Assignment.com.practice.Assignment@5a39699c</td></tr>
<tr>
<td title='Assignment.com.practice.Assignment.tearDown()'><b>tearDown</b><br>Test class: Assignment.com.practice.Assignment</td>
<td></td>
<td>0</td>
<td>Assignment.com.practice.Assignment@5a39699c</td></tr>
<tr>
<td title='Assignment.com.practice.Assignment.tearDown()'><b>tearDown</b><br>Test class: Assignment.com.practice.Assignment</td>
<td></td>
<td>0</td>
<td>Assignment.com.practice.Assignment@5a39699c</td></tr>
</table><p>
<table width='100%' border='1' class='invocation-skipped'>
<tr><td colspan='4' align='center'><b>SKIPPED TESTS</b></td></tr>
<tr><td><b>Test method</b></td>
<td width="30%"><b>Exception</b></td>
<td width="10%"><b>Time (seconds)</b></td>
<td><b>Instance</b></td>
</tr>
<tr>
<td title='Assignment.com.practice.Assignment.amountVerificationInProfilePage()'><b>amountVerificationInProfilePage</b><br>Test class: Assignment.com.practice.Assignment</td>
<td></td>
<td>0</td>
<td>Assignment.com.practice.Assignment@5a39699c</td></tr>
<tr>
<td title='Assignment.com.practice.Assignment.checkoutAndVerifyAmount()'><b>checkoutAndVerifyAmount</b><br>Test class: Assignment.com.practice.Assignment</td>
<td></td>
<td>0</td>
<td>Assignment.com.practice.Assignment@5a39699c</td></tr>
<tr>
<td title='Assignment.com.practice.Assignment.createAccount()'><b>createAccount</b><br>Test class: Assignment.com.practice.Assignment</td>
<td></td>
<td>0</td>
<td>Assignment.com.practice.Assignment@5a39699c</td></tr>
<tr>
<td title='Assignment.com.practice.Assignment.navitagetoHomePage()'><b>navitagetoHomePage</b><br>Test class: Assignment.com.practice.Assignment</td>
<td></td>
<td>0</td>
<td>Assignment.com.practice.Assignment@5a39699c</td></tr>
<tr>
<td title='Assignment.com.practice.Assignment.selectProductFromWomanSection()'><b>selectProductFromWomanSection</b><br>Test class: Assignment.com.practice.Assignment</td>
<td></td>
<td>0</td>
<td>Assignment.com.practice.Assignment@5a39699c</td></tr>
</table><p>
</body>
</html>